<?xml version="1.0" encoding="UTF-8"?>
<testng-results ignored="0" total="2" passed="2" failed="0" skipped="0">
  <reporter-output>
  </reporter-output>
  <suite started-at="2023-04-14T11:01:25 IST" name="Default suite" finished-at="2023-04-14T11:01:56 IST" duration-ms="31355">
    <groups>
    </groups>
    <test started-at="2023-04-14T11:01:25 IST" name="Default test" finished-at="2023-04-14T11:01:56 IST" duration-ms="31355">
      <class name="Test_page.Createpost_test">
        <test-method is-config="true" signature="launchurl()[pri:0, instance:Test_page.Createpost_test@7671cb68]" started-at="2023-04-14T11:01:25 IST" name="launchurl" finished-at="2023-04-14T11:01:30 IST" duration-ms="4907" status="PASS">
          <reporter-output>
          </reporter-output>
        </test-method> <!-- launchurl -->
        <test-method signature="login()[pri:0, instance:Test_page.Createpost_test@7671cb68]" started-at="2023-04-14T11:01:30 IST" name="login" finished-at="2023-04-14T11:01:34 IST" duration-ms="3547" status="PASS">
          <reporter-output>
          </reporter-output>
        </test-method> <!-- login -->
        <test-method signature="createpost()[pri:1, instance:Test_page.Createpost_test@7671cb68]" started-at="2023-04-14T11:01:34 IST" name="createpost" finished-at="2023-04-14T11:01:56 IST" duration-ms="22831" status="PASS">
          <reporter-output>
          </reporter-output>
        </test-method> <!-- createpost -->
      </class> <!-- Test_page.Createpost_test -->
    </test> <!-- Default test -->
  </suite> <!-- Default suite -->
</testng-results>
